{"C:\\Users\\david\\south-america\\src\\lib\\constants.js": {"path":"C:\\Users\\david\\south-america\\src\\lib\\constants.js","all":false,"statementMap":{"0":{"start":{"line":1,"column":0},"end":{"line":1,"column":26}},"1":{"start":{"line":2,"column":0},"end":{"line":2,"column":14}},"2":{"start":{"line":3,"column":0},"end":{"line":3,"column":11}},"3":{"start":{"line":4,"column":0},"end":{"line":4,"column":10}},"4":{"start":{"line":5,"column":0},"end":{"line":5,"column":9}},"5":{"start":{"line":6,"column":0},"end":{"line":6,"column":12}},"6":{"start":{"line":7,"column":0},"end":{"line":7,"column":13}},"7":{"start":{"line":8,"column":0},"end":{"line":8,"column":12}},"8":{"start":{"line":9,"column":0},"end":{"line":9,"column":1}},"9":{"start":{"line":10,"column":0},"end":{"line":10,"column":0}},"10":{"start":{"line":11,"column":0},"end":{"line":11,"column":34}},"11":{"start":{"line":12,"column":0},"end":{"line":12,"column":24}},"12":{"start":{"line":13,"column":0},"end":{"line":13,"column":21}},"13":{"start":{"line":14,"column":0},"end":{"line":14,"column":22}},"14":{"start":{"line":15,"column":0},"end":{"line":15,"column":19}},"15":{"start":{"line":16,"column":0},"end":{"line":16,"column":23}},"16":{"start":{"line":17,"column":0},"end":{"line":17,"column":24}},"17":{"start":{"line":18,"column":0},"end":{"line":18,"column":23}},"18":{"start":{"line":19,"column":0},"end":{"line":19,"column":1}},"19":{"start":{"line":20,"column":0},"end":{"line":20,"column":0}},"20":{"start":{"line":21,"column":0},"end":{"line":21,"column":27}},"21":{"start":{"line":22,"column":0},"end":{"line":22,"column":9}},"22":{"start":{"line":23,"column":0},"end":{"line":23,"column":9}},"23":{"start":{"line":24,"column":0},"end":{"line":24,"column":12}},"24":{"start":{"line":25,"column":0},"end":{"line":25,"column":14}},"25":{"start":{"line":26,"column":0},"end":{"line":26,"column":12}},"26":{"start":{"line":27,"column":0},"end":{"line":27,"column":14}},"27":{"start":{"line":28,"column":0},"end":{"line":28,"column":13}},"28":{"start":{"line":29,"column":0},"end":{"line":29,"column":14}},"29":{"start":{"line":30,"column":0},"end":{"line":30,"column":14}},"30":{"start":{"line":31,"column":0},"end":{"line":31,"column":11}},"31":{"start":{"line":32,"column":0},"end":{"line":32,"column":1}},"32":{"start":{"line":33,"column":0},"end":{"line":33,"column":0}},"33":{"start":{"line":34,"column":0},"end":{"line":34,"column":35}},"34":{"start":{"line":35,"column":0},"end":{"line":35,"column":26}},"35":{"start":{"line":36,"column":0},"end":{"line":36,"column":21}},"36":{"start":{"line":37,"column":0},"end":{"line":37,"column":21}},"37":{"start":{"line":38,"column":0},"end":{"line":38,"column":28}},"38":{"start":{"line":39,"column":0},"end":{"line":39,"column":22}},"39":{"start":{"line":40,"column":0},"end":{"line":40,"column":26}},"40":{"start":{"line":41,"column":0},"end":{"line":41,"column":27}},"41":{"start":{"line":42,"column":0},"end":{"line":42,"column":23}},"42":{"start":{"line":43,"column":0},"end":{"line":43,"column":22}},"43":{"start":{"line":44,"column":0},"end":{"line":44,"column":26}},"44":{"start":{"line":45,"column":0},"end":{"line":45,"column":1}},"45":{"start":{"line":46,"column":0},"end":{"line":46,"column":0}},"46":{"start":{"line":47,"column":0},"end":{"line":47,"column":44}},"47":{"start":{"line":48,"column":0},"end":{"line":48,"column":29}},"48":{"start":{"line":49,"column":0},"end":{"line":49,"column":39}},"49":{"start":{"line":50,"column":0},"end":{"line":50,"column":40}},"50":{"start":{"line":51,"column":0},"end":{"line":51,"column":40}},"51":{"start":{"line":52,"column":0},"end":{"line":52,"column":45}},"52":{"start":{"line":53,"column":0},"end":{"line":53,"column":42}},"53":{"start":{"line":54,"column":0},"end":{"line":54,"column":41}},"54":{"start":{"line":55,"column":0},"end":{"line":55,"column":45}},"55":{"start":{"line":56,"column":0},"end":{"line":56,"column":46}},"56":{"start":{"line":57,"column":0},"end":{"line":57,"column":41}},"57":{"start":{"line":58,"column":0},"end":{"line":58,"column":47}},"58":{"start":{"line":59,"column":0},"end":{"line":59,"column":45}},"59":{"start":{"line":60,"column":0},"end":{"line":60,"column":1}},"60":{"start":{"line":61,"column":0},"end":{"line":61,"column":0}},"61":{"start":{"line":62,"column":0},"end":{"line":62,"column":32}},"62":{"start":{"line":63,"column":0},"end":{"line":63,"column":44}},"63":{"start":{"line":64,"column":0},"end":{"line":64,"column":46}},"64":{"start":{"line":65,"column":0},"end":{"line":65,"column":40}},"65":{"start":{"line":66,"column":0},"end":{"line":66,"column":46}},"66":{"start":{"line":67,"column":0},"end":{"line":67,"column":42}},"67":{"start":{"line":68,"column":0},"end":{"line":68,"column":42}},"68":{"start":{"line":69,"column":0},"end":{"line":69,"column":40}},"69":{"start":{"line":70,"column":0},"end":{"line":70,"column":46}},"70":{"start":{"line":71,"column":0},"end":{"line":71,"column":42}},"71":{"start":{"line":72,"column":0},"end":{"line":72,"column":42}},"72":{"start":{"line":73,"column":0},"end":{"line":73,"column":1}},"73":{"start":{"line":74,"column":0},"end":{"line":74,"column":0}},"74":{"start":{"line":75,"column":0},"end":{"line":75,"column":50}},"75":{"start":{"line":76,"column":0},"end":{"line":76,"column":39}},"76":{"start":{"line":77,"column":0},"end":{"line":77,"column":24}},"77":{"start":{"line":78,"column":0},"end":{"line":78,"column":24}},"78":{"start":{"line":79,"column":0},"end":{"line":79,"column":24}},"79":{"start":{"line":80,"column":0},"end":{"line":80,"column":24}},"80":{"start":{"line":81,"column":0},"end":{"line":81,"column":24}},"81":{"start":{"line":82,"column":0},"end":{"line":82,"column":24}},"82":{"start":{"line":83,"column":0},"end":{"line":83,"column":24}},"83":{"start":{"line":84,"column":0},"end":{"line":84,"column":24}},"84":{"start":{"line":85,"column":0},"end":{"line":85,"column":24}},"85":{"start":{"line":86,"column":0},"end":{"line":86,"column":24}},"86":{"start":{"line":87,"column":0},"end":{"line":87,"column":1}},"87":{"start":{"line":88,"column":0},"end":{"line":88,"column":0}},"88":{"start":{"line":89,"column":0},"end":{"line":89,"column":31}},"89":{"start":{"line":90,"column":0},"end":{"line":90,"column":19}},"90":{"start":{"line":91,"column":0},"end":{"line":91,"column":20}},"91":{"start":{"line":92,"column":0},"end":{"line":92,"column":19}},"92":{"start":{"line":93,"column":0},"end":{"line":93,"column":19}},"93":{"start":{"line":94,"column":0},"end":{"line":94,"column":20}},"94":{"start":{"line":95,"column":0},"end":{"line":95,"column":19}},"95":{"start":{"line":96,"column":0},"end":{"line":96,"column":18}},"96":{"start":{"line":97,"column":0},"end":{"line":97,"column":19}},"97":{"start":{"line":98,"column":0},"end":{"line":98,"column":19}},"98":{"start":{"line":99,"column":0},"end":{"line":99,"column":19}},"99":{"start":{"line":100,"column":0},"end":{"line":100,"column":1}},"100":{"start":{"line":101,"column":0},"end":{"line":101,"column":0}},"101":{"start":{"line":102,"column":0},"end":{"line":102,"column":61}},"102":{"start":{"line":103,"column":0},"end":{"line":103,"column":39}},"103":{"start":{"line":104,"column":0},"end":{"line":104,"column":30}},"104":{"start":{"line":105,"column":0},"end":{"line":105,"column":0}},"105":{"start":{"line":106,"column":0},"end":{"line":106,"column":33}},"106":{"start":{"line":107,"column":0},"end":{"line":107,"column":11}},"107":{"start":{"line":108,"column":0},"end":{"line":108,"column":11}},"108":{"start":{"line":109,"column":0},"end":{"line":109,"column":11}},"109":{"start":{"line":110,"column":0},"end":{"line":110,"column":12}},"110":{"start":{"line":111,"column":0},"end":{"line":111,"column":11}},"111":{"start":{"line":112,"column":0},"end":{"line":112,"column":12}},"112":{"start":{"line":113,"column":0},"end":{"line":113,"column":12}},"113":{"start":{"line":114,"column":0},"end":{"line":114,"column":11}},"114":{"start":{"line":115,"column":0},"end":{"line":115,"column":11}},"115":{"start":{"line":116,"column":0},"end":{"line":116,"column":1}},"116":{"start":{"line":117,"column":0},"end":{"line":117,"column":0}},"117":{"start":{"line":118,"column":0},"end":{"line":118,"column":35}},"118":{"start":{"line":119,"column":0},"end":{"line":119,"column":9}},"119":{"start":{"line":120,"column":0},"end":{"line":120,"column":14}},"120":{"start":{"line":121,"column":0},"end":{"line":121,"column":12}},"121":{"start":{"line":122,"column":0},"end":{"line":122,"column":15}},"122":{"start":{"line":123,"column":0},"end":{"line":123,"column":13}},"123":{"start":{"line":124,"column":0},"end":{"line":124,"column":11}},"124":{"start":{"line":125,"column":0},"end":{"line":125,"column":10}},"125":{"start":{"line":126,"column":0},"end":{"line":126,"column":1}},"126":{"start":{"line":127,"column":0},"end":{"line":127,"column":0}},"127":{"start":{"line":128,"column":0},"end":{"line":128,"column":43}},"128":{"start":{"line":129,"column":0},"end":{"line":129,"column":21}},"129":{"start":{"line":130,"column":0},"end":{"line":130,"column":23}},"130":{"start":{"line":131,"column":0},"end":{"line":131,"column":21}},"131":{"start":{"line":132,"column":0},"end":{"line":132,"column":25}},"132":{"start":{"line":133,"column":0},"end":{"line":133,"column":22}},"133":{"start":{"line":134,"column":0},"end":{"line":134,"column":23}},"134":{"start":{"line":135,"column":0},"end":{"line":135,"column":20}},"135":{"start":{"line":136,"column":0},"end":{"line":136,"column":1}},"136":{"start":{"line":137,"column":0},"end":{"line":137,"column":0}},"137":{"start":{"line":138,"column":0},"end":{"line":138,"column":39}},"138":{"start":{"line":139,"column":0},"end":{"line":139,"column":20}},"139":{"start":{"line":140,"column":0},"end":{"line":140,"column":19}},"140":{"start":{"line":141,"column":0},"end":{"line":141,"column":19}},"141":{"start":{"line":142,"column":0},"end":{"line":142,"column":19}},"142":{"start":{"line":143,"column":0},"end":{"line":143,"column":20}},"143":{"start":{"line":144,"column":0},"end":{"line":144,"column":19}},"144":{"start":{"line":145,"column":0},"end":{"line":145,"column":19}},"145":{"start":{"line":146,"column":0},"end":{"line":146,"column":1}},"146":{"start":{"line":147,"column":0},"end":{"line":147,"column":0}},"147":{"start":{"line":148,"column":0},"end":{"line":148,"column":62}},"148":{"start":{"line":149,"column":0},"end":{"line":149,"column":49}}},"s":{"0":1,"1":1,"2":1,"3":1,"4":1,"5":1,"6":1,"7":1,"8":1,"9":1,"10":1,"11":1,"12":1,"13":1,"14":1,"15":1,"16":1,"17":1,"18":1,"19":1,"20":1,"21":1,"22":1,"23":1,"24":1,"25":1,"26":1,"27":1,"28":1,"29":1,"30":1,"31":1,"32":1,"33":1,"34":1,"35":1,"36":1,"37":1,"38":1,"39":1,"40":1,"41":1,"42":1,"43":1,"44":1,"45":1,"46":1,"47":1,"48":1,"49":1,"50":1,"51":1,"52":1,"53":1,"54":1,"55":1,"56":1,"57":1,"58":1,"59":1,"60":1,"61":1,"62":1,"63":1,"64":1,"65":1,"66":1,"67":1,"68":1,"69":1,"70":1,"71":1,"72":1,"73":1,"74":1,"75":1,"76":1,"77":1,"78":1,"79":1,"80":1,"81":1,"82":1,"83":1,"84":1,"85":1,"86":1,"87":1,"88":1,"89":1,"90":1,"91":1,"92":1,"93":1,"94":1,"95":1,"96":1,"97":1,"98":1,"99":1,"100":1,"101":1,"102":1,"103":1,"104":1,"105":1,"106":1,"107":1,"108":1,"109":1,"110":1,"111":1,"112":1,"113":1,"114":1,"115":1,"116":1,"117":1,"118":1,"119":1,"120":1,"121":1,"122":1,"123":1,"124":1,"125":1,"126":1,"127":1,"128":1,"129":1,"130":1,"131":1,"132":1,"133":1,"134":1,"135":1,"136":1,"137":1,"138":1,"139":1,"140":1,"141":1,"142":1,"143":1,"144":1,"145":1,"146":1,"147":1,"148":1},"branchMap":{},"b":{},"fnMap":{},"f":{}}
,"C:\\Users\\david\\south-america\\src\\lib\\distance.js": {"path":"C:\\Users\\david\\south-america\\src\\lib\\distance.js","all":false,"statementMap":{"0":{"start":{"line":1,"column":0},"end":{"line":1,"column":36}},"1":{"start":{"line":2,"column":0},"end":{"line":2,"column":0}},"2":{"start":{"line":3,"column":0},"end":{"line":3,"column":3}},"3":{"start":{"line":4,"column":0},"end":{"line":4,"column":70}},"4":{"start":{"line":5,"column":0},"end":{"line":5,"column":3}},"5":{"start":{"line":6,"column":0},"end":{"line":6,"column":53}},"6":{"start":{"line":7,"column":0},"end":{"line":7,"column":42}},"7":{"start":{"line":8,"column":0},"end":{"line":8,"column":33}},"8":{"start":{"line":9,"column":0},"end":{"line":9,"column":33}},"9":{"start":{"line":10,"column":0},"end":{"line":10,"column":11}},"10":{"start":{"line":11,"column":0},"end":{"line":11,"column":29}},"11":{"start":{"line":12,"column":0},"end":{"line":12,"column":75}},"12":{"start":{"line":13,"column":0},"end":{"line":13,"column":40}},"13":{"start":{"line":14,"column":0},"end":{"line":14,"column":1}},"14":{"start":{"line":15,"column":0},"end":{"line":15,"column":0}},"15":{"start":{"line":16,"column":0},"end":{"line":16,"column":3}},"16":{"start":{"line":17,"column":0},"end":{"line":17,"column":49}},"17":{"start":{"line":18,"column":0},"end":{"line":18,"column":42}},"18":{"start":{"line":19,"column":0},"end":{"line":19,"column":3}},"19":{"start":{"line":20,"column":0},"end":{"line":20,"column":36}},"20":{"start":{"line":21,"column":0},"end":{"line":21,"column":29}},"21":{"start":{"line":22,"column":0},"end":{"line":22,"column":50}},"22":{"start":{"line":23,"column":0},"end":{"line":23,"column":31}},"23":{"start":{"line":24,"column":0},"end":{"line":24,"column":1}}},"s":{"0":1,"1":1,"2":1,"3":1,"4":1,"5":1,"6":14,"7":14,"8":14,"9":14,"10":14,"11":14,"12":14,"13":14,"14":1,"15":1,"16":1,"17":1,"18":1,"19":1,"20":8,"21":8,"22":3,"23":3},"branchMap":{"0":{"type":"branch","line":6,"loc":{"start":{"line":6,"column":7},"end":{"line":14,"column":1}},"locations":[{"start":{"line":6,"column":7},"end":{"line":14,"column":1}}]},"1":{"type":"branch","line":7,"loc":{"start":{"line":7,"column":16},"end":{"line":7,"column":42}},"locations":[{"start":{"line":7,"column":16},"end":{"line":7,"column":42}}]},"2":{"type":"branch","line":20,"loc":{"start":{"line":20,"column":7},"end":{"line":24,"column":1}},"locations":[{"start":{"line":20,"column":7},"end":{"line":24,"column":1}}]},"3":{"type":"branch","line":21,"loc":{"start":{"line":21,"column":18},"end":{"line":21,"column":29}},"locations":[{"start":{"line":21,"column":18},"end":{"line":21,"column":29}}]},"4":{"type":"branch","line":21,"loc":{"start":{"line":21,"column":25},"end":{"line":22,"column":14}},"locations":[{"start":{"line":21,"column":25},"end":{"line":22,"column":14}}]},"5":{"type":"branch","line":22,"loc":{"start":{"line":22,"column":14},"end":{"line":24,"column":1}},"locations":[{"start":{"line":22,"column":14},"end":{"line":24,"column":1}}]}},"b":{"0":[14],"1":[56],"2":[8],"3":[2],"4":[6],"5":[3]},"fnMap":{"0":{"name":"haversineKm","decl":{"start":{"line":6,"column":7},"end":{"line":14,"column":1}},"loc":{"start":{"line":6,"column":7},"end":{"line":14,"column":1}},"line":6},"1":{"name":"toRad","decl":{"start":{"line":7,"column":16},"end":{"line":7,"column":42}},"loc":{"start":{"line":7,"column":16},"end":{"line":7,"column":42}},"line":7},"2":{"name":"formatDistance","decl":{"start":{"line":20,"column":7},"end":{"line":24,"column":1}},"loc":{"start":{"line":20,"column":7},"end":{"line":24,"column":1}},"line":20}},"f":{"0":14,"1":56,"2":8}}
,"C:\\Users\\david\\south-america\\src\\lib\\sanitize.js": {"path":"C:\\Users\\david\\south-america\\src\\lib\\sanitize.js","all":false,"statementMap":{"0":{"start":{"line":1,"column":0},"end":{"line":1,"column":66}},"1":{"start":{"line":2,"column":0},"end":{"line":2,"column":49}},"2":{"start":{"line":3,"column":0},"end":{"line":3,"column":0}},"3":{"start":{"line":4,"column":0},"end":{"line":4,"column":3}},"4":{"start":{"line":5,"column":0},"end":{"line":5,"column":55}},"5":{"start":{"line":6,"column":0},"end":{"line":6,"column":47}},"6":{"start":{"line":7,"column":0},"end":{"line":7,"column":3}},"7":{"start":{"line":8,"column":0},"end":{"line":8,"column":37}},"8":{"start":{"line":9,"column":0},"end":{"line":9,"column":42}},"9":{"start":{"line":10,"column":0},"end":{"line":10,"column":81}},"10":{"start":{"line":11,"column":0},"end":{"line":11,"column":1}},"11":{"start":{"line":12,"column":0},"end":{"line":12,"column":0}},"12":{"start":{"line":13,"column":0},"end":{"line":13,"column":3}},"13":{"start":{"line":14,"column":0},"end":{"line":14,"column":38}},"14":{"start":{"line":15,"column":0},"end":{"line":15,"column":37}},"15":{"start":{"line":16,"column":0},"end":{"line":16,"column":3}},"16":{"start":{"line":17,"column":0},"end":{"line":17,"column":36}},"17":{"start":{"line":18,"column":0},"end":{"line":18,"column":44}},"18":{"start":{"line":19,"column":0},"end":{"line":19,"column":30}},"19":{"start":{"line":20,"column":0},"end":{"line":20,"column":7}},"20":{"start":{"line":21,"column":0},"end":{"line":21,"column":32}},"21":{"start":{"line":22,"column":0},"end":{"line":22,"column":74}},"22":{"start":{"line":23,"column":0},"end":{"line":23,"column":25}},"23":{"start":{"line":24,"column":0},"end":{"line":24,"column":11}},"24":{"start":{"line":25,"column":0},"end":{"line":25,"column":15}},"25":{"start":{"line":26,"column":0},"end":{"line":26,"column":3}},"26":{"start":{"line":27,"column":0},"end":{"line":27,"column":1}},"27":{"start":{"line":28,"column":0},"end":{"line":28,"column":0}},"28":{"start":{"line":29,"column":0},"end":{"line":29,"column":3}},"29":{"start":{"line":30,"column":0},"end":{"line":30,"column":64}},"30":{"start":{"line":31,"column":0},"end":{"line":31,"column":3}},"31":{"start":{"line":32,"column":0},"end":{"line":32,"column":38}},"32":{"start":{"line":33,"column":0},"end":{"line":33,"column":38}},"33":{"start":{"line":34,"column":0},"end":{"line":34,"column":47}},"34":{"start":{"line":35,"column":0},"end":{"line":35,"column":1}},"35":{"start":{"line":36,"column":0},"end":{"line":36,"column":0}},"36":{"start":{"line":37,"column":0},"end":{"line":37,"column":3}},"37":{"start":{"line":38,"column":0},"end":{"line":38,"column":60}},"38":{"start":{"line":39,"column":0},"end":{"line":39,"column":72}},"39":{"start":{"line":40,"column":0},"end":{"line":40,"column":72}},"40":{"start":{"line":41,"column":0},"end":{"line":41,"column":3}},"41":{"start":{"line":42,"column":0},"end":{"line":42,"column":52}},"42":{"start":{"line":43,"column":0},"end":{"line":43,"column":77}},"43":{"start":{"line":44,"column":0},"end":{"line":44,"column":9}},"44":{"start":{"line":45,"column":0},"end":{"line":45,"column":70}},"45":{"start":{"line":46,"column":0},"end":{"line":46,"column":52}},"46":{"start":{"line":47,"column":0},"end":{"line":47,"column":86}},"47":{"start":{"line":48,"column":0},"end":{"line":48,"column":73}},"48":{"start":{"line":49,"column":0},"end":{"line":49,"column":69}},"49":{"start":{"line":50,"column":0},"end":{"line":50,"column":21}},"50":{"start":{"line":51,"column":0},"end":{"line":51,"column":11}},"51":{"start":{"line":52,"column":0},"end":{"line":52,"column":13}},"52":{"start":{"line":53,"column":0},"end":{"line":53,"column":0}},"53":{"start":{"line":54,"column":0},"end":{"line":54,"column":18}},"54":{"start":{"line":55,"column":0},"end":{"line":55,"column":12}},"55":{"start":{"line":56,"column":0},"end":{"line":56,"column":37}},"56":{"start":{"line":57,"column":0},"end":{"line":57,"column":51}},"57":{"start":{"line":58,"column":0},"end":{"line":58,"column":3}},"58":{"start":{"line":59,"column":0},"end":{"line":59,"column":0}},"59":{"start":{"line":60,"column":0},"end":{"line":60,"column":88}},"60":{"start":{"line":61,"column":0},"end":{"line":61,"column":36}},"61":{"start":{"line":62,"column":0},"end":{"line":62,"column":60}},"62":{"start":{"line":63,"column":0},"end":{"line":63,"column":3}},"63":{"start":{"line":64,"column":0},"end":{"line":64,"column":0}},"64":{"start":{"line":65,"column":0},"end":{"line":65,"column":54}},"65":{"start":{"line":66,"column":0},"end":{"line":66,"column":30}},"66":{"start":{"line":67,"column":0},"end":{"line":67,"column":38}},"67":{"start":{"line":68,"column":0},"end":{"line":68,"column":30}},"68":{"start":{"line":69,"column":0},"end":{"line":69,"column":5}},"69":{"start":{"line":70,"column":0},"end":{"line":70,"column":78}},"70":{"start":{"line":71,"column":0},"end":{"line":71,"column":3}},"71":{"start":{"line":72,"column":0},"end":{"line":72,"column":0}},"72":{"start":{"line":73,"column":0},"end":{"line":73,"column":60}},"73":{"start":{"line":74,"column":0},"end":{"line":74,"column":37}},"74":{"start":{"line":75,"column":0},"end":{"line":75,"column":48}},"75":{"start":{"line":76,"column":0},"end":{"line":76,"column":3}},"76":{"start":{"line":77,"column":0},"end":{"line":77,"column":0}},"77":{"start":{"line":78,"column":0},"end":{"line":78,"column":56}},"78":{"start":{"line":79,"column":0},"end":{"line":79,"column":39}},"79":{"start":{"line":80,"column":0},"end":{"line":80,"column":61}},"80":{"start":{"line":81,"column":0},"end":{"line":81,"column":96}},"81":{"start":{"line":82,"column":0},"end":{"line":82,"column":10}},"82":{"start":{"line":83,"column":0},"end":{"line":83,"column":3}},"83":{"start":{"line":84,"column":0},"end":{"line":84,"column":0}},"84":{"start":{"line":85,"column":0},"end":{"line":85,"column":15}},"85":{"start":{"line":86,"column":0},"end":{"line":86,"column":1}}},"s":{"0":1,"1":1,"2":1,"3":1,"4":1,"5":1,"6":1,"7":1,"8":63,"9":48,"10":48,"11":1,"12":1,"13":1,"14":1,"15":1,"16":1,"17":16,"18":13,"19":13,"20":13,"21":16,"22":5,"23":16,"24":6,"25":6,"26":16,"27":1,"28":1,"29":1,"30":1,"31":1,"32":6,"33":4,"34":4,"35":1,"36":1,"37":1,"38":1,"39":1,"40":1,"41":1,"42":28,"43":28,"44":28,"45":28,"46":28,"47":28,"48":28,"49":28,"50":28,"51":28,"52":28,"53":28,"54":28,"55":28,"56":28,"57":28,"58":28,"59":28,"60":28,"61":16,"62":16,"63":28,"64":28,"65":28,"66":27,"67":26,"68":26,"69":27,"70":27,"71":28,"72":28,"73":28,"74":1,"75":1,"76":28,"77":28,"78":28,"79":3,"80":3,"81":3,"82":3,"83":28,"84":28,"85":28},"branchMap":{"0":{"type":"branch","line":8,"loc":{"start":{"line":8,"column":7},"end":{"line":11,"column":1}},"locations":[{"start":{"line":8,"column":7},"end":{"line":11,"column":1}}]},"1":{"type":"branch","line":9,"loc":{"start":{"line":9,"column":33},"end":{"line":11,"column":1}},"locations":[{"start":{"line":9,"column":33},"end":{"line":11,"column":1}}]},"2":{"type":"branch","line":9,"loc":{"start":{"line":9,"column":33},"end":{"line":9,"column":42}},"locations":[{"start":{"line":9,"column":33},"end":{"line":9,"column":42}}]},"3":{"type":"branch","line":9,"loc":{"start":{"line":9,"column":41},"end":{"line":11,"column":1}},"locations":[{"start":{"line":9,"column":41},"end":{"line":11,"column":1}}]},"4":{"type":"branch","line":17,"loc":{"start":{"line":17,"column":7},"end":{"line":27,"column":1}},"locations":[{"start":{"line":17,"column":7},"end":{"line":27,"column":1}}]},"5":{"type":"branch","line":18,"loc":{"start":{"line":18,"column":33},"end":{"line":18,"column":44}},"locations":[{"start":{"line":18,"column":33},"end":{"line":18,"column":44}}]},"6":{"type":"branch","line":18,"loc":{"start":{"line":18,"column":40},"end":{"line":22,"column":33}},"locations":[{"start":{"line":18,"column":40},"end":{"line":22,"column":33}}]},"7":{"type":"branch","line":22,"loc":{"start":{"line":22,"column":33},"end":{"line":22,"column":61}},"locations":[{"start":{"line":22,"column":33},"end":{"line":22,"column":61}}]},"8":{"type":"branch","line":22,"loc":{"start":{"line":22,"column":63},"end":{"line":22,"column":74}},"locations":[{"start":{"line":22,"column":63},"end":{"line":22,"column":74}}]},"9":{"type":"branch","line":22,"loc":{"start":{"line":22,"column":70},"end":{"line":24,"column":4}},"locations":[{"start":{"line":22,"column":70},"end":{"line":24,"column":4}}]},"10":{"type":"branch","line":24,"loc":{"start":{"line":24,"column":4},"end":{"line":26,"column":3}},"locations":[{"start":{"line":24,"column":4},"end":{"line":26,"column":3}}]},"11":{"type":"branch","line":32,"loc":{"start":{"line":32,"column":7},"end":{"line":35,"column":1}},"locations":[{"start":{"line":32,"column":7},"end":{"line":35,"column":1}}]},"12":{"type":"branch","line":33,"loc":{"start":{"line":33,"column":29},"end":{"line":33,"column":38}},"locations":[{"start":{"line":33,"column":29},"end":{"line":33,"column":38}}]},"13":{"type":"branch","line":33,"loc":{"start":{"line":33,"column":37},"end":{"line":35,"column":1}},"locations":[{"start":{"line":33,"column":37},"end":{"line":35,"column":1}}]},"14":{"type":"branch","line":42,"loc":{"start":{"line":42,"column":7},"end":{"line":86,"column":1}},"locations":[{"start":{"line":42,"column":7},"end":{"line":86,"column":1}}]},"15":{"type":"branch","line":61,"loc":{"start":{"line":61,"column":35},"end":{"line":63,"column":3}},"locations":[{"start":{"line":61,"column":35},"end":{"line":63,"column":3}}]},"16":{"type":"branch","line":62,"loc":{"start":{"line":62,"column":38},"end":{"line":62,"column":53}},"locations":[{"start":{"line":62,"column":38},"end":{"line":62,"column":53}}]},"17":{"type":"branch","line":62,"loc":{"start":{"line":62,"column":54},"end":{"line":62,"column":60}},"locations":[{"start":{"line":62,"column":54},"end":{"line":62,"column":60}}]},"18":{"type":"branch","line":66,"loc":{"start":{"line":66,"column":29},"end":{"line":71,"column":3}},"locations":[{"start":{"line":66,"column":29},"end":{"line":71,"column":3}}]},"19":{"type":"branch","line":67,"loc":{"start":{"line":67,"column":37},"end":{"line":69,"column":5}},"locations":[{"start":{"line":67,"column":37},"end":{"line":69,"column":5}}]},"20":{"type":"branch","line":74,"loc":{"start":{"line":74,"column":36},"end":{"line":76,"column":3}},"locations":[{"start":{"line":74,"column":36},"end":{"line":76,"column":3}}]},"21":{"type":"branch","line":79,"loc":{"start":{"line":79,"column":38},"end":{"line":83,"column":3}},"locations":[{"start":{"line":79,"column":38},"end":{"line":83,"column":3}}]},"22":{"type":"branch","line":81,"loc":{"start":{"line":81,"column":6},"end":{"line":81,"column":96}},"locations":[{"start":{"line":81,"column":6},"end":{"line":81,"column":96}}]},"23":{"type":"branch","line":82,"loc":{"start":{"line":82,"column":6},"end":{"line":82,"column":10}},"locations":[{"start":{"line":82,"column":6},"end":{"line":82,"column":10}}]},"24":{"type":"branch","line":81,"loc":{"start":{"line":81,"column":44},"end":{"line":81,"column":93}},"locations":[{"start":{"line":81,"column":44},"end":{"line":81,"column":93}}]}},"b":{"0":[63],"1":[51],"2":[15],"3":[48],"4":[16],"5":[3],"6":[13],"7":[6],"8":[2],"9":[5],"10":[6],"11":[6],"12":[2],"13":[4],"14":[28],"15":[16],"16":[15],"17":[1],"18":[27],"19":[26],"20":[1],"21":[3],"22":[2],"23":[1],"24":[6]},"fnMap":{"0":{"name":"sanitizeText","decl":{"start":{"line":8,"column":7},"end":{"line":11,"column":1}},"loc":{"start":{"line":8,"column":7},"end":{"line":11,"column":1}},"line":8},"1":{"name":"sanitizeUrl","decl":{"start":{"line":17,"column":7},"end":{"line":27,"column":1}},"loc":{"start":{"line":17,"column":7},"end":{"line":27,"column":1}},"line":17},"2":{"name":"sanitizeLinks","decl":{"start":{"line":32,"column":7},"end":{"line":35,"column":1}},"loc":{"start":{"line":32,"column":7},"end":{"line":35,"column":1}},"line":32},"3":{"name":"sanitizeAttractionPayload","decl":{"start":{"line":42,"column":7},"end":{"line":86,"column":1}},"loc":{"start":{"line":42,"column":7},"end":{"line":86,"column":1}},"line":42}},"f":{"0":63,"1":16,"2":6,"3":28}}
,"C:\\Users\\david\\south-america\\src\\services\\attraction-service.js": {"path":"C:\\Users\\david\\south-america\\src\\services\\attraction-service.js","all":false,"statementMap":{"0":{"start":{"line":1,"column":0},"end":{"line":1,"column":47}},"1":{"start":{"line":2,"column":0},"end":{"line":2,"column":64}},"2":{"start":{"line":3,"column":0},"end":{"line":3,"column":55}},"3":{"start":{"line":4,"column":0},"end":{"line":4,"column":50}},"4":{"start":{"line":5,"column":0},"end":{"line":5,"column":0}},"5":{"start":{"line":6,"column":0},"end":{"line":6,"column":48}},"6":{"start":{"line":7,"column":0},"end":{"line":7,"column":24}},"7":{"start":{"line":8,"column":0},"end":{"line":8,"column":40}},"8":{"start":{"line":9,"column":0},"end":{"line":9,"column":24}},"9":{"start":{"line":10,"column":0},"end":{"line":10,"column":16}},"10":{"start":{"line":11,"column":0},"end":{"line":11,"column":26}},"11":{"start":{"line":12,"column":0},"end":{"line":12,"column":28}},"12":{"start":{"line":13,"column":0},"end":{"line":13,"column":46}},"13":{"start":{"line":14,"column":0},"end":{"line":14,"column":24}},"14":{"start":{"line":15,"column":0},"end":{"line":15,"column":13}},"15":{"start":{"line":16,"column":0},"end":{"line":16,"column":1}},"16":{"start":{"line":17,"column":0},"end":{"line":17,"column":0}},"17":{"start":{"line":18,"column":0},"end":{"line":18,"column":71}},"18":{"start":{"line":19,"column":0},"end":{"line":19,"column":50}},"19":{"start":{"line":20,"column":0},"end":{"line":20,"column":0}},"20":{"start":{"line":21,"column":0},"end":{"line":21,"column":41}},"21":{"start":{"line":22,"column":0},"end":{"line":22,"column":9}},"22":{"start":{"line":23,"column":0},"end":{"line":23,"column":92}},"23":{"start":{"line":24,"column":0},"end":{"line":24,"column":44}},"24":{"start":{"line":25,"column":0},"end":{"line":25,"column":13}},"25":{"start":{"line":26,"column":0},"end":{"line":26,"column":70}},"26":{"start":{"line":27,"column":0},"end":{"line":27,"column":5}},"27":{"start":{"line":28,"column":0},"end":{"line":28,"column":3}},"28":{"start":{"line":29,"column":0},"end":{"line":29,"column":0}},"29":{"start":{"line":30,"column":0},"end":{"line":30,"column":88}},"30":{"start":{"line":31,"column":0},"end":{"line":31,"column":28}},"31":{"start":{"line":32,"column":0},"end":{"line":32,"column":3}},"32":{"start":{"line":33,"column":0},"end":{"line":33,"column":0}},"33":{"start":{"line":34,"column":0},"end":{"line":34,"column":40}},"34":{"start":{"line":35,"column":0},"end":{"line":35,"column":24}},"35":{"start":{"line":36,"column":0},"end":{"line":36,"column":86}},"36":{"start":{"line":37,"column":0},"end":{"line":37,"column":13}},"37":{"start":{"line":38,"column":0},"end":{"line":38,"column":13}},"38":{"start":{"line":39,"column":0},"end":{"line":39,"column":24}},"39":{"start":{"line":40,"column":0},"end":{"line":40,"column":13}},"40":{"start":{"line":41,"column":0},"end":{"line":41,"column":1}},"41":{"start":{"line":42,"column":0},"end":{"line":42,"column":0}},"42":{"start":{"line":43,"column":0},"end":{"line":43,"column":67}},"43":{"start":{"line":44,"column":0},"end":{"line":44,"column":50}},"44":{"start":{"line":45,"column":0},"end":{"line":45,"column":0}},"45":{"start":{"line":46,"column":0},"end":{"line":46,"column":41}},"46":{"start":{"line":47,"column":0},"end":{"line":47,"column":9}},"47":{"start":{"line":48,"column":0},"end":{"line":48,"column":77}},"48":{"start":{"line":49,"column":0},"end":{"line":49,"column":44}},"49":{"start":{"line":50,"column":0},"end":{"line":50,"column":13}},"50":{"start":{"line":51,"column":0},"end":{"line":51,"column":65}},"51":{"start":{"line":52,"column":0},"end":{"line":52,"column":5}},"52":{"start":{"line":53,"column":0},"end":{"line":53,"column":3}},"53":{"start":{"line":54,"column":0},"end":{"line":54,"column":0}},"54":{"start":{"line":55,"column":0},"end":{"line":55,"column":88}},"55":{"start":{"line":56,"column":0},"end":{"line":56,"column":28}},"56":{"start":{"line":57,"column":0},"end":{"line":57,"column":3}},"57":{"start":{"line":58,"column":0},"end":{"line":58,"column":0}},"58":{"start":{"line":59,"column":0},"end":{"line":59,"column":40}},"59":{"start":{"line":60,"column":0},"end":{"line":60,"column":24}},"60":{"start":{"line":61,"column":0},"end":{"line":61,"column":49}},"61":{"start":{"line":62,"column":0},"end":{"line":62,"column":17}},"62":{"start":{"line":63,"column":0},"end":{"line":63,"column":13}},"63":{"start":{"line":64,"column":0},"end":{"line":64,"column":13}},"64":{"start":{"line":65,"column":0},"end":{"line":65,"column":0}},"65":{"start":{"line":66,"column":0},"end":{"line":66,"column":14}},"66":{"start":{"line":67,"column":0},"end":{"line":67,"column":63}},"67":{"start":{"line":68,"column":0},"end":{"line":68,"column":23}},"68":{"start":{"line":69,"column":0},"end":{"line":69,"column":29}},"69":{"start":{"line":70,"column":0},"end":{"line":70,"column":29}},"70":{"start":{"line":71,"column":0},"end":{"line":71,"column":23}},"71":{"start":{"line":72,"column":0},"end":{"line":72,"column":21}},"72":{"start":{"line":73,"column":0},"end":{"line":73,"column":6}},"73":{"start":{"line":74,"column":0},"end":{"line":74,"column":15}},"74":{"start":{"line":75,"column":0},"end":{"line":75,"column":3}},"75":{"start":{"line":76,"column":0},"end":{"line":76,"column":66}},"76":{"start":{"line":77,"column":0},"end":{"line":77,"column":13}},"77":{"start":{"line":78,"column":0},"end":{"line":78,"column":1}},"78":{"start":{"line":79,"column":0},"end":{"line":79,"column":0}},"79":{"start":{"line":80,"column":0},"end":{"line":80,"column":56}},"80":{"start":{"line":81,"column":0},"end":{"line":81,"column":34}},"81":{"start":{"line":82,"column":0},"end":{"line":82,"column":24}},"82":{"start":{"line":83,"column":0},"end":{"line":83,"column":57}},"83":{"start":{"line":84,"column":0},"end":{"line":84,"column":17}},"84":{"start":{"line":85,"column":0},"end":{"line":85,"column":14}},"85":{"start":{"line":86,"column":0},"end":{"line":86,"column":8}},"86":{"start":{"line":87,"column":0},"end":{"line":87,"column":31}},"87":{"start":{"line":88,"column":0},"end":{"line":88,"column":42}},"88":{"start":{"line":89,"column":0},"end":{"line":89,"column":43}},"89":{"start":{"line":90,"column":0},"end":{"line":90,"column":7}},"90":{"start":{"line":91,"column":0},"end":{"line":91,"column":66}},"91":{"start":{"line":92,"column":0},"end":{"line":92,"column":5}},"92":{"start":{"line":93,"column":0},"end":{"line":93,"column":15}},"93":{"start":{"line":94,"column":0},"end":{"line":94,"column":3}},"94":{"start":{"line":95,"column":0},"end":{"line":95,"column":1}},"95":{"start":{"line":96,"column":0},"end":{"line":96,"column":0}},"96":{"start":{"line":97,"column":0},"end":{"line":97,"column":3}},"97":{"start":{"line":98,"column":0},"end":{"line":98,"column":55}},"98":{"start":{"line":99,"column":0},"end":{"line":99,"column":29}},"99":{"start":{"line":100,"column":0},"end":{"line":100,"column":100}},"100":{"start":{"line":101,"column":0},"end":{"line":101,"column":19}},"101":{"start":{"line":102,"column":0},"end":{"line":102,"column":3}},"102":{"start":{"line":103,"column":0},"end":{"line":103,"column":62}},"103":{"start":{"line":104,"column":0},"end":{"line":104,"column":36}},"104":{"start":{"line":105,"column":0},"end":{"line":105,"column":78}},"105":{"start":{"line":106,"column":0},"end":{"line":106,"column":78}},"106":{"start":{"line":107,"column":0},"end":{"line":107,"column":78}},"107":{"start":{"line":108,"column":0},"end":{"line":108,"column":25}},"108":{"start":{"line":109,"column":0},"end":{"line":109,"column":44}},"109":{"start":{"line":110,"column":0},"end":{"line":110,"column":89}},"110":{"start":{"line":111,"column":0},"end":{"line":111,"column":20}},"111":{"start":{"line":112,"column":0},"end":{"line":112,"column":5}},"112":{"start":{"line":113,"column":0},"end":{"line":113,"column":15}},"113":{"start":{"line":114,"column":0},"end":{"line":114,"column":4}},"114":{"start":{"line":115,"column":0},"end":{"line":115,"column":1}},"115":{"start":{"line":116,"column":0},"end":{"line":116,"column":0}},"116":{"start":{"line":117,"column":0},"end":{"line":117,"column":3}},"117":{"start":{"line":118,"column":0},"end":{"line":118,"column":90}},"118":{"start":{"line":119,"column":0},"end":{"line":119,"column":55}},"119":{"start":{"line":120,"column":0},"end":{"line":120,"column":29}},"120":{"start":{"line":121,"column":0},"end":{"line":121,"column":56}},"121":{"start":{"line":122,"column":0},"end":{"line":122,"column":19}},"122":{"start":{"line":123,"column":0},"end":{"line":123,"column":3}},"123":{"start":{"line":124,"column":0},"end":{"line":124,"column":63}},"124":{"start":{"line":125,"column":0},"end":{"line":125,"column":44}},"125":{"start":{"line":126,"column":0},"end":{"line":126,"column":81}},"126":{"start":{"line":127,"column":0},"end":{"line":127,"column":114}},"127":{"start":{"line":128,"column":0},"end":{"line":128,"column":5}},"128":{"start":{"line":129,"column":0},"end":{"line":129,"column":12}},"129":{"start":{"line":130,"column":0},"end":{"line":130,"column":4}},"130":{"start":{"line":131,"column":0},"end":{"line":131,"column":35}},"131":{"start":{"line":132,"column":0},"end":{"line":132,"column":80}},"132":{"start":{"line":133,"column":0},"end":{"line":133,"column":12}},"133":{"start":{"line":134,"column":0},"end":{"line":134,"column":4}},"134":{"start":{"line":135,"column":0},"end":{"line":135,"column":1}}},"s":{"0":1,"1":1,"2":1,"3":1,"4":1,"5":1,"6":4,"7":3,"8":3,"9":3,"10":3,"11":3,"12":3,"13":4,"14":2,"15":2,"16":1,"17":1,"18":6,"19":6,"20":6,"21":6,"22":6,"23":6,"24":6,"25":1,"26":1,"27":6,"28":6,"29":6,"30":1,"31":1,"32":6,"33":6,"34":6,"35":6,"36":6,"37":6,"38":6,"39":5,"40":5,"41":1,"42":1,"43":6,"44":6,"45":6,"46":6,"47":6,"48":6,"49":6,"50":1,"51":1,"52":6,"53":6,"54":6,"55":1,"56":1,"57":6,"58":6,"59":6,"60":6,"61":6,"62":6,"63":6,"64":6,"65":6,"66":1,"67":1,"68":1,"69":1,"70":1,"71":1,"72":1,"73":1,"74":1,"75":6,"76":4,"77":4,"78":1,"79":1,"80":5,"81":5,"82":5,"83":5,"84":5,"85":3,"86":3,"87":3,"88":1,"89":3,"90":2,"91":2,"92":1,"93":1,"94":5,"95":1,"96":1,"97":1,"98":1,"99":1,"100":1,"101":1,"102":1,"103":9,"104":24,"105":24,"106":24,"107":24,"108":6,"109":6,"110":6,"111":6,"112":10,"113":9,"114":9,"115":1,"116":1,"117":1,"118":1,"119":1,"120":1,"121":1,"122":1,"123":1,"124":5,"125":12,"126":6,"127":6,"128":6,"129":5,"130":5,"131":11,"132":8,"133":5,"134":5},"branchMap":{"0":{"type":"branch","line":6,"loc":{"start":{"line":6,"column":7},"end":{"line":16,"column":1}},"locations":[{"start":{"line":6,"column":7},"end":{"line":16,"column":1}}]},"1":{"type":"branch","line":7,"loc":{"start":{"line":7,"column":15},"end":{"line":7,"column":24}},"locations":[{"start":{"line":7,"column":15},"end":{"line":7,"column":24}}]},"2":{"type":"branch","line":7,"loc":{"start":{"line":7,"column":23},"end":{"line":14,"column":13}},"locations":[{"start":{"line":7,"column":23},"end":{"line":14,"column":13}}]},"3":{"type":"branch","line":14,"loc":{"start":{"line":14,"column":13},"end":{"line":14,"column":24}},"locations":[{"start":{"line":14,"column":13},"end":{"line":14,"column":24}}]},"4":{"type":"branch","line":14,"loc":{"start":{"line":14,"column":19},"end":{"line":16,"column":1}},"locations":[{"start":{"line":14,"column":19},"end":{"line":16,"column":1}}]},"5":{"type":"branch","line":18,"loc":{"start":{"line":18,"column":7},"end":{"line":41,"column":1}},"locations":[{"start":{"line":18,"column":7},"end":{"line":41,"column":1}}]},"6":{"type":"branch","line":23,"loc":{"start":{"line":23,"column":91},"end":{"line":24,"column":18}},"locations":[{"start":{"line":23,"column":91},"end":{"line":24,"column":18}}]},"7":{"type":"branch","line":24,"loc":{"start":{"line":24,"column":18},"end":{"line":24,"column":44}},"locations":[{"start":{"line":24,"column":18},"end":{"line":24,"column":44}}]},"8":{"type":"branch","line":25,"loc":{"start":{"line":25,"column":6},"end":{"line":27,"column":5}},"locations":[{"start":{"line":25,"column":6},"end":{"line":27,"column":5}}]},"9":{"type":"branch","line":30,"loc":{"start":{"line":30,"column":24},"end":{"line":30,"column":54}},"locations":[{"start":{"line":30,"column":24},"end":{"line":30,"column":54}}]},"10":{"type":"branch","line":30,"loc":{"start":{"line":30,"column":55},"end":{"line":30,"column":85}},"locations":[{"start":{"line":30,"column":55},"end":{"line":30,"column":85}}]},"11":{"type":"branch","line":30,"loc":{"start":{"line":30,"column":87},"end":{"line":32,"column":3}},"locations":[{"start":{"line":30,"column":87},"end":{"line":32,"column":3}}]},"12":{"type":"branch","line":39,"loc":{"start":{"line":39,"column":13},"end":{"line":39,"column":24}},"locations":[{"start":{"line":39,"column":13},"end":{"line":39,"column":24}}]},"13":{"type":"branch","line":39,"loc":{"start":{"line":39,"column":19},"end":{"line":41,"column":1}},"locations":[{"start":{"line":39,"column":19},"end":{"line":41,"column":1}}]},"14":{"type":"branch","line":43,"loc":{"start":{"line":43,"column":7},"end":{"line":78,"column":1}},"locations":[{"start":{"line":43,"column":7},"end":{"line":78,"column":1}}]},"15":{"type":"branch","line":48,"loc":{"start":{"line":48,"column":76},"end":{"line":49,"column":18}},"locations":[{"start":{"line":48,"column":76},"end":{"line":49,"column":18}}]},"16":{"type":"branch","line":49,"loc":{"start":{"line":49,"column":18},"end":{"line":49,"column":44}},"locations":[{"start":{"line":49,"column":18},"end":{"line":49,"column":44}}]},"17":{"type":"branch","line":50,"loc":{"start":{"line":50,"column":6},"end":{"line":52,"column":5}},"locations":[{"start":{"line":50,"column":6},"end":{"line":52,"column":5}}]},"18":{"type":"branch","line":55,"loc":{"start":{"line":55,"column":24},"end":{"line":55,"column":54}},"locations":[{"start":{"line":55,"column":24},"end":{"line":55,"column":54}}]},"19":{"type":"branch","line":55,"loc":{"start":{"line":55,"column":55},"end":{"line":55,"column":85}},"locations":[{"start":{"line":55,"column":55},"end":{"line":55,"column":85}}]},"20":{"type":"branch","line":55,"loc":{"start":{"line":55,"column":87},"end":{"line":57,"column":3}},"locations":[{"start":{"line":55,"column":87},"end":{"line":57,"column":3}}]},"21":{"type":"branch","line":66,"loc":{"start":{"line":66,"column":13},"end":{"line":75,"column":3}},"locations":[{"start":{"line":66,"column":13},"end":{"line":75,"column":3}}]},"22":{"type":"branch","line":75,"loc":{"start":{"line":75,"column":2},"end":{"line":76,"column":13}},"locations":[{"start":{"line":75,"column":2},"end":{"line":76,"column":13}}]},"23":{"type":"branch","line":76,"loc":{"start":{"line":76,"column":13},"end":{"line":76,"column":66}},"locations":[{"start":{"line":76,"column":13},"end":{"line":76,"column":66}}]},"24":{"type":"branch","line":76,"loc":{"start":{"line":76,"column":65},"end":{"line":78,"column":1}},"locations":[{"start":{"line":76,"column":65},"end":{"line":78,"column":1}}]},"25":{"type":"branch","line":80,"loc":{"start":{"line":80,"column":7},"end":{"line":95,"column":1}},"locations":[{"start":{"line":80,"column":7},"end":{"line":95,"column":1}}]},"26":{"type":"branch","line":85,"loc":{"start":{"line":85,"column":13},"end":{"line":94,"column":3}},"locations":[{"start":{"line":85,"column":13},"end":{"line":94,"column":3}}]},"27":{"type":"branch","line":87,"loc":{"start":{"line":87,"column":29},"end":{"line":88,"column":39}},"locations":[{"start":{"line":87,"column":29},"end":{"line":88,"column":39}}]},"28":{"type":"branch","line":88,"loc":{"start":{"line":88,"column":40},"end":{"line":89,"column":43}},"locations":[{"start":{"line":88,"column":40},"end":{"line":89,"column":43}}]},"29":{"type":"branch","line":90,"loc":{"start":{"line":90,"column":6},"end":{"line":92,"column":5}},"locations":[{"start":{"line":90,"column":6},"end":{"line":92,"column":5}}]},"30":{"type":"branch","line":92,"loc":{"start":{"line":92,"column":4},"end":{"line":94,"column":3}},"locations":[{"start":{"line":92,"column":4},"end":{"line":94,"column":3}}]},"31":{"type":"branch","line":103,"loc":{"start":{"line":103,"column":7},"end":{"line":115,"column":1}},"locations":[{"start":{"line":103,"column":7},"end":{"line":115,"column":1}}]},"32":{"type":"branch","line":104,"loc":{"start":{"line":104,"column":28},"end":{"line":114,"column":3}},"locations":[{"start":{"line":104,"column":28},"end":{"line":114,"column":3}}]},"33":{"type":"branch","line":105,"loc":{"start":{"line":105,"column":25},"end":{"line":105,"column":58}},"locations":[{"start":{"line":105,"column":25},"end":{"line":105,"column":58}}]},"34":{"type":"branch","line":105,"loc":{"start":{"line":105,"column":66},"end":{"line":105,"column":78}},"locations":[{"start":{"line":105,"column":66},"end":{"line":105,"column":78}}]},"35":{"type":"branch","line":105,"loc":{"start":{"line":105,"column":73},"end":{"line":106,"column":25}},"locations":[{"start":{"line":105,"column":73},"end":{"line":106,"column":25}}]},"36":{"type":"branch","line":106,"loc":{"start":{"line":106,"column":25},"end":{"line":106,"column":59}},"locations":[{"start":{"line":106,"column":25},"end":{"line":106,"column":59}}]},"37":{"type":"branch","line":106,"loc":{"start":{"line":106,"column":66},"end":{"line":106,"column":78}},"locations":[{"start":{"line":106,"column":66},"end":{"line":106,"column":78}}]},"38":{"type":"branch","line":106,"loc":{"start":{"line":106,"column":73},"end":{"line":107,"column":25}},"locations":[{"start":{"line":106,"column":73},"end":{"line":107,"column":25}}]},"39":{"type":"branch","line":107,"loc":{"start":{"line":107,"column":25},"end":{"line":107,"column":63}},"locations":[{"start":{"line":107,"column":25},"end":{"line":107,"column":63}}]},"40":{"type":"branch","line":107,"loc":{"start":{"line":107,"column":66},"end":{"line":107,"column":78}},"locations":[{"start":{"line":107,"column":66},"end":{"line":107,"column":78}}]},"41":{"type":"branch","line":107,"loc":{"start":{"line":107,"column":73},"end":{"line":108,"column":24}},"locations":[{"start":{"line":107,"column":73},"end":{"line":108,"column":24}}]},"42":{"type":"branch","line":108,"loc":{"start":{"line":108,"column":24},"end":{"line":112,"column":5}},"locations":[{"start":{"line":108,"column":24},"end":{"line":112,"column":5}}]},"43":{"type":"branch","line":110,"loc":{"start":{"line":110,"column":44},"end":{"line":110,"column":88}},"locations":[{"start":{"line":110,"column":44},"end":{"line":110,"column":88}}]},"44":{"type":"branch","line":111,"loc":{"start":{"line":111,"column":8},"end":{"line":111,"column":20}},"locations":[{"start":{"line":111,"column":8},"end":{"line":111,"column":20}}]},"45":{"type":"branch","line":112,"loc":{"start":{"line":112,"column":4},"end":{"line":114,"column":2}},"locations":[{"start":{"line":112,"column":4},"end":{"line":114,"column":2}}]},"46":{"type":"branch","line":124,"loc":{"start":{"line":124,"column":7},"end":{"line":135,"column":1}},"locations":[{"start":{"line":124,"column":7},"end":{"line":135,"column":1}}]},"47":{"type":"branch","line":125,"loc":{"start":{"line":125,"column":36},"end":{"line":130,"column":3}},"locations":[{"start":{"line":125,"column":36},"end":{"line":130,"column":3}}]},"48":{"type":"branch","line":126,"loc":{"start":{"line":126,"column":19},"end":{"line":126,"column":48}},"locations":[{"start":{"line":126,"column":19},"end":{"line":126,"column":48}}]},"49":{"type":"branch","line":126,"loc":{"start":{"line":126,"column":35},"end":{"line":126,"column":40}},"locations":[{"start":{"line":126,"column":35},"end":{"line":126,"column":40}}]},"50":{"type":"branch","line":126,"loc":{"start":{"line":126,"column":49},"end":{"line":126,"column":78}},"locations":[{"start":{"line":126,"column":49},"end":{"line":126,"column":78}}]},"51":{"type":"branch","line":126,"loc":{"start":{"line":126,"column":80},"end":{"line":130,"column":2}},"locations":[{"start":{"line":126,"column":80},"end":{"line":130,"column":2}}]},"52":{"type":"branch","line":131,"loc":{"start":{"line":131,"column":24},"end":{"line":134,"column":3}},"locations":[{"start":{"line":131,"column":24},"end":{"line":134,"column":3}}]},"53":{"type":"branch","line":132,"loc":{"start":{"line":132,"column":27},"end":{"line":132,"column":48}},"locations":[{"start":{"line":132,"column":27},"end":{"line":132,"column":48}}]},"54":{"type":"branch","line":132,"loc":{"start":{"line":132,"column":50},"end":{"line":132,"column":80}},"locations":[{"start":{"line":132,"column":50},"end":{"line":132,"column":80}}]},"55":{"type":"branch","line":132,"loc":{"start":{"line":132,"column":72},"end":{"line":134,"column":2}},"locations":[{"start":{"line":132,"column":72},"end":{"line":134,"column":2}}]}},"b":{"0":[4],"1":[1],"2":[3],"3":[1],"4":[2],"5":[6],"6":[5],"7":[2],"8":[1],"9":[2],"10":[1],"11":[1],"12":[1],"13":[5],"14":[6],"15":[5],"16":[1],"17":[1],"18":[1],"19":[1],"20":[1],"21":[1],"22":[5],"23":[1],"24":[4],"25":[5],"26":[3],"27":[2],"28":[1],"29":[2],"30":[1],"31":[9],"32":[24],"33":[9],"34":[7],"35":[17],"36":[3],"37":[2],"38":[15],"39":[4],"40":[1],"41":[14],"42":[6],"43":[5],"44":[4],"45":[10],"46":[5],"47":[12],"48":[9],"49":[6],"50":[6],"51":[6],"52":[11],"53":[3],"54":[3],"55":[8]},"fnMap":{"0":{"name":"fetchAttractions","decl":{"start":{"line":6,"column":7},"end":{"line":16,"column":1}},"loc":{"start":{"line":6,"column":7},"end":{"line":16,"column":1}},"line":6},"1":{"name":"createAttractionRecord","decl":{"start":{"line":18,"column":7},"end":{"line":41,"column":1}},"loc":{"start":{"line":18,"column":7},"end":{"line":41,"column":1}},"line":18},"2":{"name":"updateAttractionRecord","decl":{"start":{"line":43,"column":7},"end":{"line":78,"column":1}},"loc":{"start":{"line":43,"column":7},"end":{"line":78,"column":1}},"line":43},"3":{"name":"softDeleteAttraction","decl":{"start":{"line":80,"column":7},"end":{"line":95,"column":1}},"loc":{"start":{"line":80,"column":7},"end":{"line":95,"column":1}},"line":80},"4":{"name":"filterAttractions","decl":{"start":{"line":103,"column":7},"end":{"line":115,"column":1}},"loc":{"start":{"line":103,"column":7},"end":{"line":115,"column":1}},"line":103},"5":{"name":"annotateWithDistance","decl":{"start":{"line":124,"column":7},"end":{"line":135,"column":1}},"loc":{"start":{"line":124,"column":7},"end":{"line":135,"column":1}},"line":124}},"f":{"0":4,"1":6,"2":6,"3":5,"4":9,"5":5}}
,"C:\\Users\\david\\south-america\\src\\services\\document-service.js": {"path":"C:\\Users\\david\\south-america\\src\\services\\document-service.js","all":false,"statementMap":{"0":{"start":{"line":1,"column":0},"end":{"line":1,"column":47}},"1":{"start":{"line":2,"column":0},"end":{"line":2,"column":0}},"2":{"start":{"line":3,"column":0},"end":{"line":3,"column":31}},"3":{"start":{"line":4,"column":0},"end":{"line":4,"column":0}},"4":{"start":{"line":5,"column":0},"end":{"line":5,"column":46}},"5":{"start":{"line":6,"column":0},"end":{"line":6,"column":24}},"6":{"start":{"line":7,"column":0},"end":{"line":7,"column":47}},"7":{"start":{"line":8,"column":0},"end":{"line":8,"column":69}},"8":{"start":{"line":9,"column":0},"end":{"line":9,"column":7}},"9":{"start":{"line":10,"column":0},"end":{"line":10,"column":42}},"10":{"start":{"line":11,"column":0},"end":{"line":11,"column":24}},"11":{"start":{"line":12,"column":0},"end":{"line":12,"column":18}},"12":{"start":{"line":13,"column":0},"end":{"line":13,"column":28}},"13":{"start":{"line":14,"column":0},"end":{"line":14,"column":30}},"14":{"start":{"line":15,"column":0},"end":{"line":15,"column":48}},"15":{"start":{"line":16,"column":0},"end":{"line":16,"column":42}},"16":{"start":{"line":17,"column":0},"end":{"line":17,"column":26}},"17":{"start":{"line":18,"column":0},"end":{"line":18,"column":15}},"18":{"start":{"line":19,"column":0},"end":{"line":19,"column":17}},"19":{"start":{"line":20,"column":0},"end":{"line":20,"column":109}},"20":{"start":{"line":21,"column":0},"end":{"line":21,"column":74}},"21":{"start":{"line":22,"column":0},"end":{"line":22,"column":5}},"22":{"start":{"line":23,"column":0},"end":{"line":23,"column":13}},"23":{"start":{"line":24,"column":0},"end":{"line":24,"column":13}},"24":{"start":{"line":25,"column":0},"end":{"line":25,"column":27}},"25":{"start":{"line":26,"column":0},"end":{"line":26,"column":3}},"26":{"start":{"line":27,"column":0},"end":{"line":27,"column":1}},"27":{"start":{"line":28,"column":0},"end":{"line":28,"column":0}},"28":{"start":{"line":29,"column":0},"end":{"line":29,"column":3}},"29":{"start":{"line":30,"column":0},"end":{"line":30,"column":48}},"30":{"start":{"line":31,"column":0},"end":{"line":31,"column":25}},"31":{"start":{"line":32,"column":0},"end":{"line":32,"column":21}},"32":{"start":{"line":33,"column":0},"end":{"line":33,"column":20}},"33":{"start":{"line":34,"column":0},"end":{"line":34,"column":3}},"34":{"start":{"line":35,"column":0},"end":{"line":35,"column":52}},"35":{"start":{"line":36,"column":0},"end":{"line":36,"column":40}},"36":{"start":{"line":37,"column":0},"end":{"line":37,"column":41}},"37":{"start":{"line":38,"column":0},"end":{"line":38,"column":1}},"38":{"start":{"line":39,"column":0},"end":{"line":39,"column":0}},"39":{"start":{"line":40,"column":0},"end":{"line":40,"column":3}},"40":{"start":{"line":41,"column":0},"end":{"line":41,"column":41}},"41":{"start":{"line":42,"column":0},"end":{"line":42,"column":21}},"42":{"start":{"line":43,"column":0},"end":{"line":43,"column":27}},"43":{"start":{"line":44,"column":0},"end":{"line":44,"column":3}},"44":{"start":{"line":45,"column":0},"end":{"line":45,"column":38}},"45":{"start":{"line":46,"column":0},"end":{"line":46,"column":52}},"46":{"start":{"line":47,"column":0},"end":{"line":47,"column":1}},"47":{"start":{"line":48,"column":0},"end":{"line":48,"column":0}},"48":{"start":{"line":49,"column":0},"end":{"line":49,"column":3}},"49":{"start":{"line":50,"column":0},"end":{"line":50,"column":75}},"50":{"start":{"line":51,"column":0},"end":{"line":51,"column":87}},"51":{"start":{"line":52,"column":0},"end":{"line":52,"column":25}},"52":{"start":{"line":53,"column":0},"end":{"line":53,"column":25}},"53":{"start":{"line":54,"column":0},"end":{"line":54,"column":21}},"54":{"start":{"line":55,"column":0},"end":{"line":55,"column":62}},"55":{"start":{"line":56,"column":0},"end":{"line":56,"column":66}},"56":{"start":{"line":57,"column":0},"end":{"line":57,"column":34}},"57":{"start":{"line":58,"column":0},"end":{"line":58,"column":51}},"58":{"start":{"line":59,"column":0},"end":{"line":59,"column":3}},"59":{"start":{"line":60,"column":0},"end":{"line":60,"column":93}},"60":{"start":{"line":61,"column":0},"end":{"line":61,"column":87}},"61":{"start":{"line":62,"column":0},"end":{"line":62,"column":36}},"62":{"start":{"line":63,"column":0},"end":{"line":63,"column":0}},"63":{"start":{"line":64,"column":0},"end":{"line":64,"column":82}},"64":{"start":{"line":65,"column":0},"end":{"line":65,"column":0}},"65":{"start":{"line":66,"column":0},"end":{"line":66,"column":49}},"66":{"start":{"line":67,"column":0},"end":{"line":67,"column":22}},"67":{"start":{"line":68,"column":0},"end":{"line":68,"column":13}},"68":{"start":{"line":69,"column":0},"end":{"line":69,"column":22}},"69":{"start":{"line":70,"column":0},"end":{"line":70,"column":26}},"70":{"start":{"line":71,"column":0},"end":{"line":71,"column":24}},"71":{"start":{"line":72,"column":0},"end":{"line":72,"column":26}},"72":{"start":{"line":73,"column":0},"end":{"line":73,"column":26}},"73":{"start":{"line":74,"column":0},"end":{"line":74,"column":6}},"74":{"start":{"line":75,"column":0},"end":{"line":75,"column":13}},"75":{"start":{"line":76,"column":0},"end":{"line":76,"column":13}},"76":{"start":{"line":77,"column":0},"end":{"line":77,"column":0}},"77":{"start":{"line":78,"column":0},"end":{"line":78,"column":28}},"78":{"start":{"line":79,"column":0},"end":{"line":79,"column":13}},"79":{"start":{"line":80,"column":0},"end":{"line":80,"column":1}},"80":{"start":{"line":81,"column":0},"end":{"line":81,"column":0}},"81":{"start":{"line":82,"column":0},"end":{"line":82,"column":3}},"82":{"start":{"line":83,"column":0},"end":{"line":83,"column":77}},"83":{"start":{"line":84,"column":0},"end":{"line":84,"column":69}},"84":{"start":{"line":85,"column":0},"end":{"line":85,"column":39}},"85":{"start":{"line":86,"column":0},"end":{"line":86,"column":67}},"86":{"start":{"line":87,"column":0},"end":{"line":87,"column":3}},"87":{"start":{"line":88,"column":0},"end":{"line":88,"column":3}},"88":{"start":{"line":89,"column":0},"end":{"line":89,"column":50}},"89":{"start":{"line":90,"column":0},"end":{"line":90,"column":3}},"90":{"start":{"line":91,"column":0},"end":{"line":91,"column":55}},"91":{"start":{"line":92,"column":0},"end":{"line":92,"column":27}},"92":{"start":{"line":93,"column":0},"end":{"line":93,"column":16}},"93":{"start":{"line":94,"column":0},"end":{"line":94,"column":48}},"94":{"start":{"line":95,"column":0},"end":{"line":95,"column":15}},"95":{"start":{"line":96,"column":0},"end":{"line":96,"column":88}},"96":{"start":{"line":97,"column":0},"end":{"line":97,"column":25}},"97":{"start":{"line":98,"column":0},"end":{"line":98,"column":82}},"98":{"start":{"line":99,"column":0},"end":{"line":99,"column":30}},"99":{"start":{"line":100,"column":0},"end":{"line":100,"column":7}},"100":{"start":{"line":101,"column":0},"end":{"line":101,"column":5}},"101":{"start":{"line":102,"column":0},"end":{"line":102,"column":3}},"102":{"start":{"line":103,"column":0},"end":{"line":103,"column":94}},"103":{"start":{"line":104,"column":0},"end":{"line":104,"column":24}},"104":{"start":{"line":105,"column":0},"end":{"line":105,"column":27}},"105":{"start":{"line":106,"column":0},"end":{"line":106,"column":1}}},"s":{"0":1,"1":1,"2":1,"3":1,"4":1,"5":7,"6":5,"7":5,"8":5,"9":5,"10":5,"11":5,"12":5,"13":5,"14":5,"15":5,"16":7,"17":2,"18":7,"19":3,"20":2,"21":2,"22":1,"23":7,"24":5,"25":5,"26":7,"27":1,"28":1,"29":1,"30":1,"31":1,"32":1,"33":1,"34":1,"35":5,"36":5,"37":5,"38":1,"39":1,"40":1,"41":1,"42":1,"43":1,"44":1,"45":4,"46":4,"47":1,"48":1,"49":1,"50":1,"51":1,"52":1,"53":1,"54":1,"55":1,"56":1,"57":1,"58":1,"59":1,"60":4,"61":4,"62":3,"63":3,"64":3,"65":3,"66":3,"67":3,"68":3,"69":3,"70":3,"71":3,"72":3,"73":3,"74":3,"75":3,"76":3,"77":4,"78":2,"79":2,"80":1,"81":1,"82":1,"83":1,"84":1,"85":1,"86":1,"87":1,"88":1,"89":1,"90":1,"91":6,"92":6,"93":5,"94":5,"95":5,"96":5,"97":2,"98":2,"99":2,"100":5,"101":5,"102":6,"103":6,"104":5,"105":5},"branchMap":{"0":{"type":"branch","line":5,"loc":{"start":{"line":5,"column":7},"end":{"line":27,"column":1}},"locations":[{"start":{"line":5,"column":7},"end":{"line":27,"column":1}}]},"1":{"type":"branch","line":6,"loc":{"start":{"line":6,"column":15},"end":{"line":6,"column":24}},"locations":[{"start":{"line":6,"column":15},"end":{"line":6,"column":24}}]},"2":{"type":"branch","line":6,"loc":{"start":{"line":6,"column":23},"end":{"line":17,"column":15}},"locations":[{"start":{"line":6,"column":23},"end":{"line":17,"column":15}}]},"3":{"type":"branch","line":17,"loc":{"start":{"line":17,"column":15},"end":{"line":17,"column":26}},"locations":[{"start":{"line":17,"column":15},"end":{"line":17,"column":26}}]},"4":{"type":"branch","line":17,"loc":{"start":{"line":17,"column":21},"end":{"line":19,"column":4}},"locations":[{"start":{"line":17,"column":21},"end":{"line":19,"column":4}}]},"5":{"type":"branch","line":19,"loc":{"start":{"line":19,"column":4},"end":{"line":24,"column":3}},"locations":[{"start":{"line":19,"column":4},"end":{"line":24,"column":3}}]},"6":{"type":"branch","line":20,"loc":{"start":{"line":20,"column":34},"end":{"line":20,"column":72}},"locations":[{"start":{"line":20,"column":34},"end":{"line":20,"column":72}}]},"7":{"type":"branch","line":20,"loc":{"start":{"line":20,"column":73},"end":{"line":20,"column":106}},"locations":[{"start":{"line":20,"column":73},"end":{"line":20,"column":106}}]},"8":{"type":"branch","line":20,"loc":{"start":{"line":20,"column":108},"end":{"line":22,"column":5}},"locations":[{"start":{"line":20,"column":108},"end":{"line":22,"column":5}}]},"9":{"type":"branch","line":22,"loc":{"start":{"line":22,"column":4},"end":{"line":24,"column":3}},"locations":[{"start":{"line":22,"column":4},"end":{"line":24,"column":3}}]},"10":{"type":"branch","line":24,"loc":{"start":{"line":24,"column":3},"end":{"line":24,"column":4}},"locations":[{"start":{"line":24,"column":3},"end":{"line":24,"column":4}}]},"11":{"type":"branch","line":24,"loc":{"start":{"line":24,"column":4},"end":{"line":26,"column":3}},"locations":[{"start":{"line":24,"column":4},"end":{"line":26,"column":3}}]},"12":{"type":"branch","line":35,"loc":{"start":{"line":35,"column":7},"end":{"line":38,"column":1}},"locations":[{"start":{"line":35,"column":7},"end":{"line":38,"column":1}}]},"13":{"type":"branch","line":45,"loc":{"start":{"line":45,"column":7},"end":{"line":47,"column":1}},"locations":[{"start":{"line":45,"column":7},"end":{"line":47,"column":1}}]},"14":{"type":"branch","line":46,"loc":{"start":{"line":46,"column":35},"end":{"line":46,"column":42}},"locations":[{"start":{"line":46,"column":35},"end":{"line":46,"column":42}}]},"15":{"type":"branch","line":46,"loc":{"start":{"line":46,"column":43},"end":{"line":46,"column":52}},"locations":[{"start":{"line":46,"column":43},"end":{"line":46,"column":52}}]},"16":{"type":"branch","line":60,"loc":{"start":{"line":60,"column":7},"end":{"line":80,"column":1}},"locations":[{"start":{"line":60,"column":7},"end":{"line":80,"column":1}}]},"17":{"type":"branch","line":62,"loc":{"start":{"line":62,"column":19},"end":{"line":62,"column":36}},"locations":[{"start":{"line":62,"column":19},"end":{"line":62,"column":36}}]},"18":{"type":"branch","line":62,"loc":{"start":{"line":62,"column":25},"end":{"line":78,"column":15}},"locations":[{"start":{"line":62,"column":25},"end":{"line":78,"column":15}}]},"19":{"type":"branch","line":78,"loc":{"start":{"line":78,"column":15},"end":{"line":78,"column":28}},"locations":[{"start":{"line":78,"column":15},"end":{"line":78,"column":28}}]},"20":{"type":"branch","line":78,"loc":{"start":{"line":78,"column":21},"end":{"line":80,"column":1}},"locations":[{"start":{"line":78,"column":21},"end":{"line":80,"column":1}}]},"21":{"type":"branch","line":91,"loc":{"start":{"line":91,"column":7},"end":{"line":106,"column":1}},"locations":[{"start":{"line":91,"column":7},"end":{"line":106,"column":1}}]},"22":{"type":"branch","line":93,"loc":{"start":{"line":93,"column":15},"end":{"line":102,"column":3}},"locations":[{"start":{"line":93,"column":15},"end":{"line":102,"column":3}}]},"23":{"type":"branch","line":97,"loc":{"start":{"line":97,"column":24},"end":{"line":100,"column":7}},"locations":[{"start":{"line":97,"column":24},"end":{"line":100,"column":7}}]},"24":{"type":"branch","line":104,"loc":{"start":{"line":104,"column":13},"end":{"line":104,"column":24}},"locations":[{"start":{"line":104,"column":13},"end":{"line":104,"column":24}}]},"25":{"type":"branch","line":104,"loc":{"start":{"line":104,"column":19},"end":{"line":106,"column":1}},"locations":[{"start":{"line":104,"column":19},"end":{"line":106,"column":1}}]}},"b":{"0":[7],"1":[2],"2":[5],"3":[3],"4":[2],"5":[3],"6":[2],"7":[1],"8":[2],"9":[1],"10":[0],"11":[5],"12":[5],"13":[4],"14":[1],"15":[3],"16":[4],"17":[1],"18":[3],"19":[1],"20":[2],"21":[6],"22":[5],"23":[2],"24":[1],"25":[5]},"fnMap":{"0":{"name":"fetchDocuments","decl":{"start":{"line":5,"column":7},"end":{"line":27,"column":1}},"loc":{"start":{"line":5,"column":7},"end":{"line":27,"column":1}},"line":5},"1":{"name":"generateDocumentPath","decl":{"start":{"line":35,"column":7},"end":{"line":38,"column":1}},"loc":{"start":{"line":35,"column":7},"end":{"line":38,"column":1}},"line":35},"2":{"name":"detectFileType","decl":{"start":{"line":45,"column":7},"end":{"line":47,"column":1}},"loc":{"start":{"line":45,"column":7},"end":{"line":47,"column":1}},"line":45},"3":{"name":"uploadDocumentFile","decl":{"start":{"line":60,"column":7},"end":{"line":80,"column":1}},"loc":{"start":{"line":60,"column":7},"end":{"line":80,"column":1}},"line":60},"4":{"name":"softDeleteDocument","decl":{"start":{"line":91,"column":7},"end":{"line":106,"column":1}},"loc":{"start":{"line":91,"column":7},"end":{"line":106,"column":1}},"line":91}},"f":{"0":7,"1":5,"2":4,"3":4,"4":6}}
,"C:\\Users\\david\\south-america\\src\\services\\expense-service.js": {"path":"C:\\Users\\david\\south-america\\src\\services\\expense-service.js","all":false,"statementMap":{"0":{"start":{"line":1,"column":0},"end":{"line":1,"column":47}},"1":{"start":{"line":2,"column":0},"end":{"line":2,"column":0}},"2":{"start":{"line":3,"column":0},"end":{"line":3,"column":45}},"3":{"start":{"line":4,"column":0},"end":{"line":4,"column":24}},"4":{"start":{"line":5,"column":0},"end":{"line":5,"column":40}},"5":{"start":{"line":6,"column":0},"end":{"line":6,"column":21}},"6":{"start":{"line":7,"column":0},"end":{"line":7,"column":16}},"7":{"start":{"line":8,"column":0},"end":{"line":8,"column":26}},"8":{"start":{"line":9,"column":0},"end":{"line":9,"column":28}},"9":{"start":{"line":10,"column":0},"end":{"line":10,"column":48}},"10":{"start":{"line":11,"column":0},"end":{"line":11,"column":46}},"11":{"start":{"line":12,"column":0},"end":{"line":12,"column":24}},"12":{"start":{"line":13,"column":0},"end":{"line":13,"column":13}},"13":{"start":{"line":14,"column":0},"end":{"line":14,"column":1}},"14":{"start":{"line":15,"column":0},"end":{"line":15,"column":0}},"15":{"start":{"line":16,"column":0},"end":{"line":16,"column":60}},"16":{"start":{"line":17,"column":0},"end":{"line":17,"column":69}},"17":{"start":{"line":18,"column":0},"end":{"line":18,"column":40}},"18":{"start":{"line":19,"column":0},"end":{"line":19,"column":21}},"19":{"start":{"line":20,"column":0},"end":{"line":20,"column":13}},"20":{"start":{"line":21,"column":0},"end":{"line":21,"column":22}},"21":{"start":{"line":22,"column":0},"end":{"line":22,"column":13}},"22":{"start":{"line":23,"column":0},"end":{"line":23,"column":15}},"23":{"start":{"line":24,"column":0},"end":{"line":24,"column":25}},"24":{"start":{"line":25,"column":0},"end":{"line":25,"column":36}},"25":{"start":{"line":26,"column":0},"end":{"line":26,"column":74}},"26":{"start":{"line":27,"column":0},"end":{"line":27,"column":6}},"27":{"start":{"line":28,"column":0},"end":{"line":28,"column":13}},"28":{"start":{"line":29,"column":0},"end":{"line":29,"column":13}},"29":{"start":{"line":30,"column":0},"end":{"line":30,"column":24}},"30":{"start":{"line":31,"column":0},"end":{"line":31,"column":13}},"31":{"start":{"line":32,"column":0},"end":{"line":32,"column":1}},"32":{"start":{"line":33,"column":0},"end":{"line":33,"column":0}},"33":{"start":{"line":34,"column":0},"end":{"line":34,"column":56}},"34":{"start":{"line":35,"column":0},"end":{"line":35,"column":69}},"35":{"start":{"line":36,"column":0},"end":{"line":36,"column":40}},"36":{"start":{"line":37,"column":0},"end":{"line":37,"column":21}},"37":{"start":{"line":38,"column":0},"end":{"line":38,"column":64}},"38":{"start":{"line":39,"column":0},"end":{"line":39,"column":17}},"39":{"start":{"line":40,"column":0},"end":{"line":40,"column":13}},"40":{"start":{"line":41,"column":0},"end":{"line":41,"column":13}},"41":{"start":{"line":42,"column":0},"end":{"line":42,"column":24}},"42":{"start":{"line":43,"column":0},"end":{"line":43,"column":13}},"43":{"start":{"line":44,"column":0},"end":{"line":44,"column":1}},"44":{"start":{"line":45,"column":0},"end":{"line":45,"column":0}},"45":{"start":{"line":46,"column":0},"end":{"line":46,"column":45}},"46":{"start":{"line":47,"column":0},"end":{"line":47,"column":34}},"47":{"start":{"line":48,"column":0},"end":{"line":48,"column":21}},"48":{"start":{"line":49,"column":0},"end":{"line":49,"column":33}},"49":{"start":{"line":50,"column":0},"end":{"line":50,"column":17}},"50":{"start":{"line":51,"column":0},"end":{"line":51,"column":14}},"51":{"start":{"line":52,"column":0},"end":{"line":52,"column":8}},"52":{"start":{"line":53,"column":0},"end":{"line":53,"column":31}},"53":{"start":{"line":54,"column":0},"end":{"line":54,"column":42}},"54":{"start":{"line":55,"column":0},"end":{"line":55,"column":43}},"55":{"start":{"line":56,"column":0},"end":{"line":56,"column":7}},"56":{"start":{"line":57,"column":0},"end":{"line":57,"column":66}},"57":{"start":{"line":58,"column":0},"end":{"line":58,"column":5}},"58":{"start":{"line":59,"column":0},"end":{"line":59,"column":15}},"59":{"start":{"line":60,"column":0},"end":{"line":60,"column":3}},"60":{"start":{"line":61,"column":0},"end":{"line":61,"column":1}},"61":{"start":{"line":62,"column":0},"end":{"line":62,"column":0}},"62":{"start":{"line":63,"column":0},"end":{"line":63,"column":3}},"63":{"start":{"line":64,"column":0},"end":{"line":64,"column":85}},"64":{"start":{"line":65,"column":0},"end":{"line":65,"column":26}},"65":{"start":{"line":66,"column":0},"end":{"line":66,"column":54}},"66":{"start":{"line":67,"column":0},"end":{"line":67,"column":31}},"67":{"start":{"line":68,"column":0},"end":{"line":68,"column":75}},"68":{"start":{"line":69,"column":0},"end":{"line":69,"column":20}},"69":{"start":{"line":70,"column":0},"end":{"line":70,"column":3}},"70":{"start":{"line":71,"column":0},"end":{"line":71,"column":77}},"71":{"start":{"line":72,"column":0},"end":{"line":72,"column":44}},"72":{"start":{"line":73,"column":0},"end":{"line":73,"column":11}},"73":{"start":{"line":74,"column":0},"end":{"line":74,"column":68}},"74":{"start":{"line":75,"column":0},"end":{"line":75,"column":37}},"75":{"start":{"line":76,"column":0},"end":{"line":76,"column":12}},"76":{"start":{"line":77,"column":0},"end":{"line":77,"column":67}},"77":{"start":{"line":78,"column":0},"end":{"line":78,"column":5}},"78":{"start":{"line":79,"column":0},"end":{"line":79,"column":20}},"79":{"start":{"line":80,"column":0},"end":{"line":80,"column":7}},"80":{"start":{"line":81,"column":0},"end":{"line":81,"column":1}}},"s":{"0":1,"1":1,"2":1,"3":6,"4":3,"5":3,"6":3,"7":3,"8":3,"9":3,"10":3,"11":6,"12":2,"13":2,"14":1,"15":1,"16":4,"17":4,"18":4,"19":4,"20":4,"21":4,"22":4,"23":4,"24":4,"25":4,"26":4,"27":4,"28":4,"29":4,"30":3,"31":3,"32":1,"33":1,"34":2,"35":2,"36":2,"37":2,"38":2,"39":2,"40":2,"41":2,"42":1,"43":1,"44":1,"45":1,"46":5,"47":5,"48":5,"49":5,"50":5,"51":3,"52":3,"53":3,"54":1,"55":3,"56":2,"57":2,"58":1,"59":1,"60":5,"61":1,"62":1,"63":1,"64":1,"65":1,"66":1,"67":1,"68":1,"69":1,"70":1,"71":10,"72":12,"73":12,"74":2,"75":12,"76":10,"77":10,"78":12,"79":10,"80":10},"branchMap":{"0":{"type":"branch","line":3,"loc":{"start":{"line":3,"column":7},"end":{"line":14,"column":1}},"locations":[{"start":{"line":3,"column":7},"end":{"line":14,"column":1}}]},"1":{"type":"branch","line":4,"loc":{"start":{"line":4,"column":15},"end":{"line":12,"column":13}},"locations":[{"start":{"line":4,"column":15},"end":{"line":12,"column":13}}]},"2":{"type":"branch","line":12,"loc":{"start":{"line":12,"column":13},"end":{"line":12,"column":24}},"locations":[{"start":{"line":12,"column":13},"end":{"line":12,"column":24}}]},"3":{"type":"branch","line":12,"loc":{"start":{"line":12,"column":19},"end":{"line":14,"column":1}},"locations":[{"start":{"line":12,"column":19},"end":{"line":14,"column":1}}]},"4":{"type":"branch","line":16,"loc":{"start":{"line":16,"column":7},"end":{"line":32,"column":1}},"locations":[{"start":{"line":16,"column":7},"end":{"line":32,"column":1}}]},"5":{"type":"branch","line":24,"loc":{"start":{"line":24,"column":19},"end":{"line":24,"column":24}},"locations":[{"start":{"line":24,"column":19},"end":{"line":24,"column":24}}]},"6":{"type":"branch","line":25,"loc":{"start":{"line":25,"column":25},"end":{"line":25,"column":35}},"locations":[{"start":{"line":25,"column":25},"end":{"line":25,"column":35}}]},"7":{"type":"branch","line":26,"loc":{"start":{"line":26,"column":33},"end":{"line":26,"column":73}},"locations":[{"start":{"line":26,"column":33},"end":{"line":26,"column":73}}]},"8":{"type":"branch","line":30,"loc":{"start":{"line":30,"column":13},"end":{"line":30,"column":24}},"locations":[{"start":{"line":30,"column":13},"end":{"line":30,"column":24}}]},"9":{"type":"branch","line":30,"loc":{"start":{"line":30,"column":19},"end":{"line":32,"column":1}},"locations":[{"start":{"line":30,"column":19},"end":{"line":32,"column":1}}]},"10":{"type":"branch","line":34,"loc":{"start":{"line":34,"column":7},"end":{"line":44,"column":1}},"locations":[{"start":{"line":34,"column":7},"end":{"line":44,"column":1}}]},"11":{"type":"branch","line":42,"loc":{"start":{"line":42,"column":13},"end":{"line":44,"column":1}},"locations":[{"start":{"line":42,"column":13},"end":{"line":44,"column":1}}]},"12":{"type":"branch","line":46,"loc":{"start":{"line":46,"column":7},"end":{"line":61,"column":1}},"locations":[{"start":{"line":46,"column":7},"end":{"line":61,"column":1}}]},"13":{"type":"branch","line":51,"loc":{"start":{"line":51,"column":13},"end":{"line":60,"column":3}},"locations":[{"start":{"line":51,"column":13},"end":{"line":60,"column":3}}]},"14":{"type":"branch","line":53,"loc":{"start":{"line":53,"column":29},"end":{"line":54,"column":39}},"locations":[{"start":{"line":53,"column":29},"end":{"line":54,"column":39}}]},"15":{"type":"branch","line":54,"loc":{"start":{"line":54,"column":40},"end":{"line":55,"column":43}},"locations":[{"start":{"line":54,"column":40},"end":{"line":55,"column":43}}]},"16":{"type":"branch","line":56,"loc":{"start":{"line":56,"column":6},"end":{"line":58,"column":5}},"locations":[{"start":{"line":56,"column":6},"end":{"line":58,"column":5}}]},"17":{"type":"branch","line":58,"loc":{"start":{"line":58,"column":4},"end":{"line":60,"column":3}},"locations":[{"start":{"line":58,"column":4},"end":{"line":60,"column":3}}]},"18":{"type":"branch","line":71,"loc":{"start":{"line":71,"column":7},"end":{"line":81,"column":1}},"locations":[{"start":{"line":71,"column":7},"end":{"line":81,"column":1}}]},"19":{"type":"branch","line":72,"loc":{"start":{"line":72,"column":25},"end":{"line":80,"column":3}},"locations":[{"start":{"line":72,"column":25},"end":{"line":80,"column":3}}]},"20":{"type":"branch","line":74,"loc":{"start":{"line":74,"column":35},"end":{"line":74,"column":49}},"locations":[{"start":{"line":74,"column":35},"end":{"line":74,"column":49}}]},"21":{"type":"branch","line":74,"loc":{"start":{"line":74,"column":50},"end":{"line":74,"column":65}},"locations":[{"start":{"line":74,"column":50},"end":{"line":74,"column":65}}]},"22":{"type":"branch","line":74,"loc":{"start":{"line":74,"column":67},"end":{"line":76,"column":5}},"locations":[{"start":{"line":74,"column":67},"end":{"line":76,"column":5}}]},"23":{"type":"branch","line":76,"loc":{"start":{"line":76,"column":5},"end":{"line":78,"column":5}},"locations":[{"start":{"line":76,"column":5},"end":{"line":78,"column":5}}]},"24":{"type":"branch","line":77,"loc":{"start":{"line":77,"column":63},"end":{"line":77,"column":67}},"locations":[{"start":{"line":77,"column":63},"end":{"line":77,"column":67}}]}},"b":{"0":[6],"1":[3],"2":[1],"3":[2],"4":[4],"5":[3],"6":[3],"7":[3],"8":[1],"9":[3],"10":[2],"11":[1],"12":[5],"13":[3],"14":[2],"15":[1],"16":[2],"17":[1],"18":[10],"19":[12],"20":[4],"21":[3],"22":[2],"23":[10],"24":[2]},"fnMap":{"0":{"name":"fetchExpenses","decl":{"start":{"line":3,"column":7},"end":{"line":14,"column":1}},"loc":{"start":{"line":3,"column":7},"end":{"line":14,"column":1}},"line":3},"1":{"name":"createExpenseRecord","decl":{"start":{"line":16,"column":7},"end":{"line":32,"column":1}},"loc":{"start":{"line":16,"column":7},"end":{"line":32,"column":1}},"line":16},"2":{"name":"updateExpenseRecord","decl":{"start":{"line":34,"column":7},"end":{"line":44,"column":1}},"loc":{"start":{"line":34,"column":7},"end":{"line":44,"column":1}},"line":34},"3":{"name":"softDeleteExpense","decl":{"start":{"line":46,"column":7},"end":{"line":61,"column":1}},"loc":{"start":{"line":46,"column":7},"end":{"line":61,"column":1}},"line":46},"4":{"name":"computeTotalUsd","decl":{"start":{"line":71,"column":7},"end":{"line":81,"column":1}},"loc":{"start":{"line":71,"column":7},"end":{"line":81,"column":1}},"line":71}},"f":{"0":6,"1":4,"2":2,"3":5,"4":10}}
}
